\BOOKMARK [1][]{section.1}{\376\377\000I\000n\000t\000r\000o\000d\000u\000c\000t\000i\000o\000n}{}% 1
\BOOKMARK [1][]{section.2}{\376\377\000R\000e\000s\000u\000l\000t\000s}{}% 2
\BOOKMARK [2][]{subsection.2.1}{\376\377\000T\000h\000r\000e\000e\000\040\000t\000h\000e\000o\000r\000e\000t\000i\000c\000a\000l\000\040\000c\000a\000t\000e\000g\000o\000r\000i\000e\000s\000:\000\040\000p\000e\000r\000s\000u\000a\000s\000i\000o\000n\000,\000\040\000c\000h\000o\000i\000c\000e\000\040\000a\000r\000c\000h\000i\000t\000e\000c\000t\000u\000r\000e\000,\000\040\000a\000n\000d\000\040\000n\000o\000r\000m\000s}{section.2}% 3
\BOOKMARK [2][]{subsection.2.2}{\376\377\000A\000n\000\040\000o\000v\000e\000r\000a\000l\000l\000\040\000s\000m\000a\000l\000l\000\040\000e\000f\000f\000e\000c\000t}{section.2}% 4
\BOOKMARK [2][]{subsection.2.3}{\376\377\000M\000o\000d\000e\000r\000a\000t\000e\000\040\000e\000v\000i\000d\000e\000n\000c\000e\000\040\000o\000f\000\040\000p\000u\000b\000l\000i\000c\000a\000t\000i\000o\000n\000\040\000b\000i\000a\000s}{section.2}% 5
\BOOKMARK [2][]{subsection.2.4}{\376\377\000R\000e\000d\000\040\000a\000n\000d\000\040\000P\000r\000o\000c\000e\000s\000s\000e\000d\000\040\000M\000e\000a\000t\000\040\000i\000s\000\040\000a\000n\000\040\000e\000a\000s\000i\000e\000r\000\040\000t\000a\000r\000g\000e\000t}{section.2}% 6
\BOOKMARK [2][]{subsection.2.5}{\376\377\000N\000o\000r\000m\000s\000\040\000w\000o\000r\000k\000\040\000s\000o\000m\000e\000t\000i\000m\000e\000s\000,\000\040\000b\000u\000t\000\040\000i\000t\000\040\000i\000s\000\040\000n\000o\000t\000\040\000c\000l\000e\000a\000r\000\040\000w\000h\000y\000\040\000o\000r\000\040\000w\000h\000e\000n}{section.2}% 7
\BOOKMARK [2][]{subsection.2.6}{\376\377\000T\000h\000e\000\040\000e\000v\000i\000d\000e\000n\000c\000e\000\040\000f\000o\000r\000\040\000n\000u\000d\000g\000e\000s\000\040\000o\000n\000\040\000M\000A\000P\000\040\000c\000o\000n\000s\000u\000m\000p\000t\000i\000o\000n\000\040\000i\000s\000\040\000s\000c\000a\000n\000t}{section.2}% 8
\BOOKMARK [2][]{subsection.2.7}{\376\377\000H\000e\000a\000l\000t\000h\000\040\000s\000t\000u\000d\000i\000e\000s\000\040\000w\000o\000r\000k\000\040\000b\000e\000t\000t\000e\000r\000\040\000f\000o\000r\000\040\000R\000P\000M\000\040\000t\000h\000a\000n\000\040\000f\000o\000r\000\040\000M\000A\000P}{section.2}% 9
\BOOKMARK [2][]{subsection.2.8}{\376\377\000E\000n\000v\000i\000r\000o\000n\000m\000e\000n\000t\000a\000l\000\040\000a\000p\000p\000e\000a\000l\000s\000\040\000h\000a\000v\000e\000\040\000m\000o\000d\000e\000s\000t\000\040\000p\000o\000s\000i\000t\000i\000v\000e\000\040\000e\000f\000f\000e\000c\000t\000s}{section.2}% 10
\BOOKMARK [2][]{subsection.2.9}{\376\377\000A\000n\000i\000m\000a\000l\000\040\000w\000e\000l\000f\000a\000r\000e\000\040\000a\000p\000p\000e\000a\000l\000s\000\040\000a\000r\000e\000\040\000a\000l\000m\000o\000s\000t\000\040\000a\000l\000w\000a\000y\000s\000\040\000i\000n\000e\000f\000f\000e\000c\000t\000i\000v\000e}{section.2}% 11
\BOOKMARK [2][]{subsection.2.10}{\376\377\000H\000e\000t\000e\000r\000o\000g\000e\000n\000e\000i\000t\000y\000\040\000b\000y\000\040\000r\000e\000p\000o\000r\000t\000i\000n\000g\000,\000\040\000c\000l\000u\000s\000t\000e\000r\000\040\000a\000s\000s\000i\000g\000n\000m\000e\000n\000t\000,\000\040\000d\000e\000l\000i\000v\000e\000r\000y\000\040\000m\000e\000t\000h\000o\000d\000,\000\040\000a\000n\000d\000\040\000c\000o\000u\000n\000t\000r\000y}{section.2}% 12
\BOOKMARK [1][]{section.3}{\376\377\000M\000e\000t\000h\000o\000d\000s}{}% 13
\BOOKMARK [2][]{subsection.3.1}{\376\377\000D\000i\000s\000c\000u\000s\000s\000i\000o\000n}{section.3}% 14
\BOOKMARK [3][]{section*.2}{\376\377\000S\000u\000p\000p\000l\000e\000m\000e\000n\000t\000a\000r\000y\000\040\000i\000n\000f\000o\000r\000m\000a\000t\000i\000o\000n}{subsection.3.1}% 15
\BOOKMARK [4][]{section*.3}{\376\377\000A\000c\000k\000n\000o\000w\000l\000e\000d\000g\000m\000e\000n\000t\000s}{section*.2}% 16
\BOOKMARK [1][]{section*.4}{\376\377\000D\000e\000c\000l\000a\000r\000a\000t\000i\000o\000n\000s}{}% 17
\BOOKMARK [1][]{section.4}{\376\377\000A\000p\000p\000e\000n\000d\000i\000x}{}% 18
\BOOKMARK [2][]{subsection.4.1}{\376\377\000S\000u\000p\000p\000l\000e\000m\000e\000n\000t\000a\000r\000y\000\040\000M\000e\000t\000h\000o\000d\000s}{section.4}% 19
\BOOKMARK [2][]{subsection.4.2}{\376\377\000S\000u\000p\000p\000l\000e\000m\000e\000n\000t\000a\000r\000y\000\040\000F\000i\000g\000u\000r\000e}{section.4}% 20
\BOOKMARK [2][]{subsection.4.3}{\376\377\000S\000u\000p\000p\000l\000e\000m\000e\000n\000t\000a\000r\000y\000\040\000D\000i\000s\000c\000u\000s\000s\000i\000o\000n}{section.4}% 21
\BOOKMARK [3][]{subsubsection.4.3.1}{\376\377\000E\000d\000g\000e\000\040\000c\000a\000s\000e\000s\000\040\000f\000o\000r\000\040\000s\000t\000u\000d\000y\000\040\000i\000n\000c\000l\000u\000s\000i\000o\000n}{subsection.4.3}% 22
\BOOKMARK [3][]{subsubsection.4.3.2}{\376\377\000I\000s\000\040\000a\000\040\000n\000o\000r\000m\000\040\000a\000\040\000n\000u\000d\000g\000e\000?}{subsection.4.3}% 23
